<?xml version="1.0" encoding="UTF-8"?>
<!-- Generated by org.testng.reporters.JUnitXMLReporter -->
<testsuite ignored="1" hostname="DESKTOP-AO9PN1L" failures="0" tests="1" name="Default test" time="11.814" errors="0" timestamp="2024-11-27T09:37:23 IST">
  <testcase classname="smartChainTestCase.Retailer" name="retailer_myorders" time="7.325"/>
  <testcase classname="smartChainTestCase.Retailer" name="order_Manufacturer" time="0.0">
    <ignored/>
  </testcase> <!-- order_Manufacturer -->
</testsuite> <!-- Default test -->
