<?xml version="1.0" encoding="UTF-8"?>
<!-- Generated by org.testng.reporters.JUnitXMLReporter -->
<testsuite ignored="2" hostname="DESKTOP-AO9PN1L" failures="2" tests="2" name="Test" time="0.102" errors="0" timestamp="2024-11-26T07:23:04 IST">
  <testcase classname="smartChainTestCase.Admin" name="addProduct" time="0.034">
    <failure type="java.lang.NullPointerException" message="Cannot invoke &amp;quot;org.openqa.selenium.WebDriver.getTitle()&amp;quot; because &amp;quot;driver&amp;quot; is null">
      <![CDATA[java.lang.NullPointerException: Cannot invoke "org.openqa.selenium.WebDriver.getTitle()" because "driver" is null
at com.SCM.assertUtility.Assertutility.verifyTitle(Assertutility.java:32)
at smartChainTestCase.Admin.addProduct(Admin.java:29)
at java.base/java.util.ArrayList.forEach(ArrayList.java:1511)
... Removed 27 stack frames]]>
    </failure>
  </testcase> <!-- addProduct -->
  <testcase classname="smartChainTestCase.Admin" name="addProduct" time="0.062">
    <failure type="java.lang.NullPointerException" message="Cannot invoke &amp;quot;org.openqa.selenium.TakesScreenshot.getScreenshotAs(org.openqa.selenium.OutputType)&amp;quot; because &amp;quot;efWebDriver&amp;quot; is null">
      <![CDATA[java.lang.NullPointerException: Cannot invoke "org.openqa.selenium.TakesScreenshot.getScreenshotAs(org.openqa.selenium.OutputType)" because "efWebDriver" is null
at com.SCM.ListenersUtility.ListenerUtility.onTestFailure(ListenerUtility.java:71)
at java.base/java.util.ArrayList.forEach(ArrayList.java:1511)
... Removed 24 stack frames]]>
    </failure>
  </testcase> <!-- addProduct -->
  <testcase classname="smartChainTestCase.Retailer" name="retailer_myorders" time="0.0">
    <ignored/>
  </testcase> <!-- retailer_myorders -->
  <testcase classname="smartChainTestCase.Admin" name="addArea" time="0.0">
    <ignored/>
  </testcase> <!-- addArea -->
</testsuite> <!-- Test -->
