<?xml version="1.0" encoding="UTF-8"?>
<testng-results ignored="6" total="10" passed="0" failed="4" skipped="0">
  <reporter-output>
    <line>
      <![CDATA[Report cofiguration]]>
    </line>
    <line>
      <![CDATA[====CHROME IS LAUNCHED SUCCESSFULLY====]]>
    </line>
    <line>
      <![CDATA[addProduct>=========start==========>]]>
    </line>
    <line>
      <![CDATA[======Login is Successfull=====]]>
    </line>
    <line>
      <![CDATA[======Login is Successfull=====]]>
    </line>
    <line>
      <![CDATA[addProduct>=========failure==========>]]>
    </line>
    <line>
      <![CDATA[editManageStock>=========start==========>]]>
    </line>
    <line>
      <![CDATA[editManageStock>=========failure==========>]]>
    </line>
    <line>
      <![CDATA[=====BROWSER IS CLOSED======]]>
    </line>
    <line>
      <![CDATA[====CHROME IS LAUNCHED SUCCESSFULLY====]]>
    </line>
    <line>
      <![CDATA[order_Manufacturer>=========start==========>]]>
    </line>
    <line>
      <![CDATA[======Login is Successfull=====]]>
    </line>
    <line>
      <![CDATA[order is posted successfully]]>
    </line>
    <line>
      <![CDATA[order_Manufacturer>=========failure==========>]]>
    </line>
    <line>
      <![CDATA[=====BROWSER IS CLOSED======]]>
    </line>
    <line>
      <![CDATA[====CHROME IS LAUNCHED SUCCESSFULLY====]]>
    </line>
    <line>
      <![CDATA[manageStock>=========start==========>]]>
    </line>
    <line>
      <![CDATA[======Login is Successfull=====]]>
    </line>
    <line>
      <![CDATA[manageStock>=========failure==========>]]>
    </line>
    <line>
      <![CDATA[=====BROWSER IS CLOSED======]]>
    </line>
  </reporter-output>
  <suite started-at="2024-11-26T10:29:10 IST" name="Suite" finished-at="2024-11-26T10:29:57 IST" duration-ms="47506">
    <groups>
      <group name="integration">
        <method signature="Admin.addProduct()[pri:0, instance:smartChainTestCase.Admin@6e6f2380]" name="addProduct" class="smartChainTestCase.Admin"/>
        <method signature="Admin.editManageStock()[pri:0, instance:smartChainTestCase.Admin@6e6f2380]" name="editManageStock" class="smartChainTestCase.Admin"/>
        <method signature="Manufacturer.manageStock()[pri:0, instance:smartChainTestCase.Manufacturer@15bb5034]" name="manageStock" class="smartChainTestCase.Manufacturer"/>
        <method signature="Retailer.order_Manufacturer()[pri:0, instance:smartChainTestCase.Retailer@7d0b7e3c]" name="order_Manufacturer" class="smartChainTestCase.Retailer"/>
      </group> <!-- integration -->
    </groups>
    <test started-at="2024-11-26T10:29:10 IST" name="Test" finished-at="2024-11-26T10:29:57 IST" duration-ms="47506">
      <class name="smartChainTestCase.Admin">
        <test-method is-config="true" signature="connectToDB()[pri:0, instance:smartChainTestCase.Admin@6e6f2380]" started-at="2024-11-26T10:29:10 IST" name="connectToDB" finished-at="2024-11-26T10:29:10 IST" duration-ms="9" status="PASS">
          <reporter-output>
          </reporter-output>
        </test-method> <!-- connectToDB -->
        <test-method is-config="true" signature="launchBrowser(java.lang.String)[pri:0, instance:smartChainTestCase.Admin@6e6f2380]" started-at="2024-11-26T10:29:10 IST" name="launchBrowser" finished-at="2024-11-26T10:29:15 IST" duration-ms="5689" status="PASS">
          <params>
            <param index="0">
              <value>
                <![CDATA[chrome]]>
              </value>
            </param>
          </params>
          <reporter-output>
            <line>
              <![CDATA[====CHROME IS LAUNCHED SUCCESSFULLY====]]>
            </line>
          </reporter-output>
        </test-method> <!-- launchBrowser -->
        <test-method signature="addProduct()[pri:0, instance:smartChainTestCase.Admin@6e6f2380]" started-at="2024-11-26T10:29:15 IST" name="addProduct" finished-at="2024-11-26T10:29:26 IST" duration-ms="10856" status="FAIL">
          <exception class="java.lang.AssertionError">
            <message>
              <![CDATA[Title miss match! expected [Manage Stock] but found [Admin: Home]]]>
            </message>
            <full-stacktrace>
              <![CDATA[java.lang.AssertionError: Title miss match! expected [Manage Stock] but found [Admin: Home]
at org.testng.Assert.fail(Assert.java:99)
at org.testng.Assert.failNotEquals(Assert.java:1037)
at org.testng.Assert.assertEqualsImpl(Assert.java:140)
at org.testng.Assert.assertEquals(Assert.java:122)
at org.testng.Assert.assertEquals(Assert.java:629)
at com.SCM.assertUtility.Assertutility.verifyTitle(Assertutility.java:33)
at smartChainTestCase.Admin.addProduct(Admin.java:65)
at java.base/jdk.internal.reflect.NativeMethodAccessorImpl.invoke0(Native Method)
at java.base/jdk.internal.reflect.NativeMethodAccessorImpl.invoke(NativeMethodAccessorImpl.java:77)
at java.base/jdk.internal.reflect.DelegatingMethodAccessorImpl.invoke(DelegatingMethodAccessorImpl.java:43)
at java.base/java.lang.reflect.Method.invoke(Method.java:568)
at org.testng.internal.MethodInvocationHelper.invokeMethod(MethodInvocationHelper.java:133)
at org.testng.internal.TestInvoker.invokeMethod(TestInvoker.java:598)
at org.testng.internal.TestInvoker.invokeTestMethod(TestInvoker.java:173)
at org.testng.internal.MethodRunner.runInSequence(MethodRunner.java:46)
at org.testng.internal.TestInvoker$MethodInvocationAgent.invoke(TestInvoker.java:824)
at org.testng.internal.TestInvoker.invokeTestMethods(TestInvoker.java:146)
at org.testng.internal.TestMethodWorker.invokeTestMethods(TestMethodWorker.java:146)
at org.testng.internal.TestMethodWorker.run(TestMethodWorker.java:128)
at java.base/java.util.ArrayList.forEach(ArrayList.java:1511)
at org.testng.TestRunner.privateRun(TestRunner.java:794)
at org.testng.TestRunner.run(TestRunner.java:596)
at org.testng.SuiteRunner.runTest(SuiteRunner.java:377)
at org.testng.SuiteRunner.runSequentially(SuiteRunner.java:371)
at org.testng.SuiteRunner.privateRun(SuiteRunner.java:332)
at org.testng.SuiteRunner.run(SuiteRunner.java:276)
at org.testng.SuiteRunnerWorker.runSuite(SuiteRunnerWorker.java:53)
at org.testng.SuiteRunnerWorker.run(SuiteRunnerWorker.java:96)
at org.testng.TestNG.runSuitesSequentially(TestNG.java:1212)
at org.testng.TestNG.runSuitesLocally(TestNG.java:1134)
at org.testng.TestNG.runSuites(TestNG.java:1063)
at org.testng.TestNG.run(TestNG.java:1031)
at org.testng.remote.AbstractRemoteTestNG.run(AbstractRemoteTestNG.java:115)
at org.testng.remote.RemoteTestNG.initAndRun(RemoteTestNG.java:293)
at org.testng.remote.RemoteTestNG.main(RemoteTestNG.java:91)
]]>
            </full-stacktrace>
          </exception> <!-- java.lang.AssertionError -->
          <reporter-output>
            <line>
              <![CDATA[addProduct>=========start==========>]]>
            </line>
            <line>
              <![CDATA[======Login is Successfull=====]]>
            </line>
            <line>
              <![CDATA[======Login is Successfull=====]]>
            </line>
            <line>
              <![CDATA[addProduct>=========failure==========>]]>
            </line>
          </reporter-output>
        </test-method> <!-- addProduct -->
        <test-method signature="editManageStock()[pri:0, instance:smartChainTestCase.Admin@6e6f2380]" started-at="2024-11-26T10:29:27 IST" name="editManageStock" finished-at="2024-11-26T10:29:27 IST" duration-ms="17" status="FAIL">
          <exception class="java.lang.AssertionError">
            <message>
              <![CDATA[Title miss match! expected [Login] but found [Admin: Home]]]>
            </message>
            <full-stacktrace>
              <![CDATA[java.lang.AssertionError: Title miss match! expected [Login] but found [Admin: Home]
at org.testng.Assert.fail(Assert.java:99)
at org.testng.Assert.failNotEquals(Assert.java:1037)
at org.testng.Assert.assertEqualsImpl(Assert.java:140)
at org.testng.Assert.assertEquals(Assert.java:122)
at org.testng.Assert.assertEquals(Assert.java:629)
at com.SCM.assertUtility.Assertutility.verifyTitle(Assertutility.java:33)
at smartChainTestCase.Admin.editManageStock(Admin.java:70)
at java.base/jdk.internal.reflect.NativeMethodAccessorImpl.invoke0(Native Method)
at java.base/jdk.internal.reflect.NativeMethodAccessorImpl.invoke(NativeMethodAccessorImpl.java:77)
at java.base/jdk.internal.reflect.DelegatingMethodAccessorImpl.invoke(DelegatingMethodAccessorImpl.java:43)
at java.base/java.lang.reflect.Method.invoke(Method.java:568)
at org.testng.internal.MethodInvocationHelper.invokeMethod(MethodInvocationHelper.java:133)
at org.testng.internal.TestInvoker.invokeMethod(TestInvoker.java:598)
at org.testng.internal.TestInvoker.invokeTestMethod(TestInvoker.java:173)
at org.testng.internal.MethodRunner.runInSequence(MethodRunner.java:46)
at org.testng.internal.TestInvoker$MethodInvocationAgent.invoke(TestInvoker.java:824)
at org.testng.internal.TestInvoker.invokeTestMethods(TestInvoker.java:146)
at org.testng.internal.TestMethodWorker.invokeTestMethods(TestMethodWorker.java:146)
at org.testng.internal.TestMethodWorker.run(TestMethodWorker.java:128)
at java.base/java.util.ArrayList.forEach(ArrayList.java:1511)
at org.testng.TestRunner.privateRun(TestRunner.java:794)
at org.testng.TestRunner.run(TestRunner.java:596)
at org.testng.SuiteRunner.runTest(SuiteRunner.java:377)
at org.testng.SuiteRunner.runSequentially(SuiteRunner.java:371)
at org.testng.SuiteRunner.privateRun(SuiteRunner.java:332)
at org.testng.SuiteRunner.run(SuiteRunner.java:276)
at org.testng.SuiteRunnerWorker.runSuite(SuiteRunnerWorker.java:53)
at org.testng.SuiteRunnerWorker.run(SuiteRunnerWorker.java:96)
at org.testng.TestNG.runSuitesSequentially(TestNG.java:1212)
at org.testng.TestNG.runSuitesLocally(TestNG.java:1134)
at org.testng.TestNG.runSuites(TestNG.java:1063)
at org.testng.TestNG.run(TestNG.java:1031)
at org.testng.remote.AbstractRemoteTestNG.run(AbstractRemoteTestNG.java:115)
at org.testng.remote.RemoteTestNG.initAndRun(RemoteTestNG.java:293)
at org.testng.remote.RemoteTestNG.main(RemoteTestNG.java:91)
]]>
            </full-stacktrace>
          </exception> <!-- java.lang.AssertionError -->
          <reporter-output>
            <line>
              <![CDATA[editManageStock>=========start==========>]]>
            </line>
            <line>
              <![CDATA[editManageStock>=========failure==========>]]>
            </line>
          </reporter-output>
        </test-method> <!-- editManageStock -->
        <test-method is-config="true" signature="closeBrowser()[pri:0, instance:smartChainTestCase.Admin@6e6f2380]" started-at="2024-11-26T10:29:27 IST" name="closeBrowser" finished-at="2024-11-26T10:29:27 IST" duration-ms="364" status="PASS">
          <reporter-output>
            <line>
              <![CDATA[=====BROWSER IS CLOSED======]]>
            </line>
          </reporter-output>
        </test-method> <!-- closeBrowser -->
        <test-method is-config="true" signature="closeDB()[pri:0, instance:smartChainTestCase.Admin@6e6f2380]" started-at="2024-11-26T10:29:57 IST" name="closeDB" finished-at="2024-11-26T10:29:57 IST" duration-ms="0" status="PASS">
          <reporter-output>
          </reporter-output>
        </test-method> <!-- closeDB -->
      </class> <!-- smartChainTestCase.Admin -->
      <class name="smartChainTestCase.Manufacturer">
        <test-method is-config="true" signature="launchBrowser(java.lang.String)[pri:0, instance:smartChainTestCase.Manufacturer@15bb5034]" started-at="2024-11-26T10:29:47 IST" name="launchBrowser" finished-at="2024-11-26T10:29:50 IST" duration-ms="2595" status="PASS">
          <params>
            <param index="0">
              <value>
                <![CDATA[chrome]]>
              </value>
            </param>
          </params>
          <reporter-output>
            <line>
              <![CDATA[====CHROME IS LAUNCHED SUCCESSFULLY====]]>
            </line>
          </reporter-output>
        </test-method> <!-- launchBrowser -->
        <test-method signature="manageStock()[pri:0, instance:smartChainTestCase.Manufacturer@15bb5034]" started-at="2024-11-26T10:29:50 IST" name="manageStock" finished-at="2024-11-26T10:29:57 IST" duration-ms="7149" status="FAIL">
          <exception class="java.lang.AssertionError">
            <message>
              <![CDATA[Title miss match! expected [Manage Stock] but found [Admin: Home]]]>
            </message>
            <full-stacktrace>
              <![CDATA[java.lang.AssertionError: Title miss match! expected [Manage Stock] but found [Admin: Home]
at org.testng.Assert.fail(Assert.java:99)
at org.testng.Assert.failNotEquals(Assert.java:1037)
at org.testng.Assert.assertEqualsImpl(Assert.java:140)
at org.testng.Assert.assertEquals(Assert.java:122)
at org.testng.Assert.assertEquals(Assert.java:629)
at com.SCM.assertUtility.Assertutility.verifyTitle(Assertutility.java:33)
at smartChainTestCase.Manufacturer.manageStock(Manufacturer.java:49)
at java.base/jdk.internal.reflect.NativeMethodAccessorImpl.invoke0(Native Method)
at java.base/jdk.internal.reflect.NativeMethodAccessorImpl.invoke(NativeMethodAccessorImpl.java:77)
at java.base/jdk.internal.reflect.DelegatingMethodAccessorImpl.invoke(DelegatingMethodAccessorImpl.java:43)
at java.base/java.lang.reflect.Method.invoke(Method.java:568)
at org.testng.internal.MethodInvocationHelper.invokeMethod(MethodInvocationHelper.java:133)
at org.testng.internal.TestInvoker.invokeMethod(TestInvoker.java:598)
at org.testng.internal.TestInvoker.invokeTestMethod(TestInvoker.java:173)
at org.testng.internal.MethodRunner.runInSequence(MethodRunner.java:46)
at org.testng.internal.TestInvoker$MethodInvocationAgent.invoke(TestInvoker.java:824)
at org.testng.internal.TestInvoker.invokeTestMethods(TestInvoker.java:146)
at org.testng.internal.TestMethodWorker.invokeTestMethods(TestMethodWorker.java:146)
at org.testng.internal.TestMethodWorker.run(TestMethodWorker.java:128)
at java.base/java.util.ArrayList.forEach(ArrayList.java:1511)
at org.testng.TestRunner.privateRun(TestRunner.java:794)
at org.testng.TestRunner.run(TestRunner.java:596)
at org.testng.SuiteRunner.runTest(SuiteRunner.java:377)
at org.testng.SuiteRunner.runSequentially(SuiteRunner.java:371)
at org.testng.SuiteRunner.privateRun(SuiteRunner.java:332)
at org.testng.SuiteRunner.run(SuiteRunner.java:276)
at org.testng.SuiteRunnerWorker.runSuite(SuiteRunnerWorker.java:53)
at org.testng.SuiteRunnerWorker.run(SuiteRunnerWorker.java:96)
at org.testng.TestNG.runSuitesSequentially(TestNG.java:1212)
at org.testng.TestNG.runSuitesLocally(TestNG.java:1134)
at org.testng.TestNG.runSuites(TestNG.java:1063)
at org.testng.TestNG.run(TestNG.java:1031)
at org.testng.remote.AbstractRemoteTestNG.run(AbstractRemoteTestNG.java:115)
at org.testng.remote.RemoteTestNG.initAndRun(RemoteTestNG.java:293)
at org.testng.remote.RemoteTestNG.main(RemoteTestNG.java:91)
]]>
            </full-stacktrace>
          </exception> <!-- java.lang.AssertionError -->
          <reporter-output>
            <line>
              <![CDATA[manageStock>=========start==========>]]>
            </line>
            <line>
              <![CDATA[======Login is Successfull=====]]>
            </line>
            <line>
              <![CDATA[manageStock>=========failure==========>]]>
            </line>
          </reporter-output>
        </test-method> <!-- manageStock -->
        <test-method is-config="true" signature="closeBrowser()[pri:0, instance:smartChainTestCase.Manufacturer@15bb5034]" started-at="2024-11-26T10:29:57 IST" name="closeBrowser" finished-at="2024-11-26T10:29:57 IST" duration-ms="247" status="PASS">
          <reporter-output>
            <line>
              <![CDATA[=====BROWSER IS CLOSED======]]>
            </line>
          </reporter-output>
        </test-method> <!-- closeBrowser -->
      </class> <!-- smartChainTestCase.Manufacturer -->
      <class name="smartChainTestCase.Retailer">
        <test-method is-config="true" signature="launchBrowser(java.lang.String)[pri:0, instance:smartChainTestCase.Retailer@7d0b7e3c]" started-at="2024-11-26T10:29:27 IST" name="launchBrowser" finished-at="2024-11-26T10:29:29 IST" duration-ms="2305" status="PASS">
          <params>
            <param index="0">
              <value>
                <![CDATA[chrome]]>
              </value>
            </param>
          </params>
          <reporter-output>
            <line>
              <![CDATA[====CHROME IS LAUNCHED SUCCESSFULLY====]]>
            </line>
          </reporter-output>
        </test-method> <!-- launchBrowser -->
        <test-method signature="order_Manufacturer()[pri:0, instance:smartChainTestCase.Retailer@7d0b7e3c]" started-at="2024-11-26T10:29:29 IST" name="order_Manufacturer" finished-at="2024-11-26T10:29:47 IST" duration-ms="17122" status="FAIL">
          <exception class="org.openqa.selenium.NoSuchElementException">
            <message>
              <![CDATA[no such element: Unable to locate element: {"method":"xpath","selector":"//input[@value='Log out']"}
  (Session info: chrome=131.0.6778.71)
For documentation on this error, please visit: https://www.selenium.dev/documentation/webdriver/troubleshooting/errors#no-such-element-exception
Build info: version: '4.12.0', revision: '249f2a7d1b*'
System info: os.name: 'Windows 11', os.arch: 'amd64', os.version: '10.0', java.version: '17.0.10'
Driver info: org.openqa.selenium.chrome.ChromeDriver
Command: [524de8eb8d7555a2af4d1c708e566e02, findElement {using=xpath, value=//input[@value='Log out']}]
Capabilities {acceptInsecureCerts: false, browserName: chrome, browserVersion: 131.0.6778.71, chrome: {chromedriverVersion: 131.0.6778.85 (3d81e41b6f3a..., userDataDir: C:\Users\Ranjith\AppData\Lo...}, fedcm:accounts: true, goog:chromeOptions: {debuggerAddress: localhost:57282}, networkConnectionEnabled: false, pageLoadStrategy: normal, platformName: windows, proxy: Proxy(), se:cdp: ws://localhost:57282/devtoo..., se:cdpVersion: 131.0.6778.71, setWindowRect: true, strictFileInteractability: false, timeouts: {implicit: 0, pageLoad: 300000, script: 30000}, unhandledPromptBehavior: dismiss and notify, webauthn:extension:credBlob: true, webauthn:extension:largeBlob: true, webauthn:extension:minPinLength: true, webauthn:extension:prf: true, webauthn:virtualAuthenticators: true}
Session ID: 524de8eb8d7555a2af4d1c708e566e02]]>
            </message>
            <full-stacktrace>
              <![CDATA[org.openqa.selenium.NoSuchElementException: no such element: Unable to locate element: {"method":"xpath","selector":"//input[@value='Log out']"}
  (Session info: chrome=131.0.6778.71)
For documentation on this error, please visit: https://www.selenium.dev/documentation/webdriver/troubleshooting/errors#no-such-element-exception
Build info: version: '4.12.0', revision: '249f2a7d1b*'
System info: os.name: 'Windows 11', os.arch: 'amd64', os.version: '10.0', java.version: '17.0.10'
Driver info: org.openqa.selenium.chrome.ChromeDriver
Command: [524de8eb8d7555a2af4d1c708e566e02, findElement {using=xpath, value=//input[@value='Log out']}]
Capabilities {acceptInsecureCerts: false, browserName: chrome, browserVersion: 131.0.6778.71, chrome: {chromedriverVersion: 131.0.6778.85 (3d81e41b6f3a..., userDataDir: C:\Users\Ranjith\AppData\Lo...}, fedcm:accounts: true, goog:chromeOptions: {debuggerAddress: localhost:57282}, networkConnectionEnabled: false, pageLoadStrategy: normal, platformName: windows, proxy: Proxy(), se:cdp: ws://localhost:57282/devtoo..., se:cdpVersion: 131.0.6778.71, setWindowRect: true, strictFileInteractability: false, timeouts: {implicit: 0, pageLoad: 300000, script: 30000}, unhandledPromptBehavior: dismiss and notify, webauthn:extension:credBlob: true, webauthn:extension:largeBlob: true, webauthn:extension:minPinLength: true, webauthn:extension:prf: true, webauthn:virtualAuthenticators: true}
Session ID: 524de8eb8d7555a2af4d1c708e566e02
at java.base/jdk.internal.reflect.NativeConstructorAccessorImpl.newInstance0(Native Method)
at java.base/jdk.internal.reflect.NativeConstructorAccessorImpl.newInstance(NativeConstructorAccessorImpl.java:77)
at java.base/jdk.internal.reflect.DelegatingConstructorAccessorImpl.newInstance(DelegatingConstructorAccessorImpl.java:45)
at java.base/java.lang.reflect.Constructor.newInstanceWithCaller(Constructor.java:499)
at java.base/java.lang.reflect.Constructor.newInstance(Constructor.java:480)
at org.openqa.selenium.remote.codec.w3c.W3CHttpResponseCodec.createException(W3CHttpResponseCodec.java:200)
at org.openqa.selenium.remote.codec.w3c.W3CHttpResponseCodec.decode(W3CHttpResponseCodec.java:133)
at org.openqa.selenium.remote.codec.w3c.W3CHttpResponseCodec.decode(W3CHttpResponseCodec.java:52)
at org.openqa.selenium.remote.HttpCommandExecutor.execute(HttpCommandExecutor.java:191)
at org.openqa.selenium.remote.service.DriverCommandExecutor.invokeExecute(DriverCommandExecutor.java:196)
at org.openqa.selenium.remote.service.DriverCommandExecutor.execute(DriverCommandExecutor.java:171)
at org.openqa.selenium.remote.RemoteWebDriver.execute(RemoteWebDriver.java:602)
at org.openqa.selenium.remote.ElementLocation$ElementFinder$2.findElement(ElementLocation.java:165)
at org.openqa.selenium.remote.ElementLocation.findElement(ElementLocation.java:59)
at org.openqa.selenium.remote.RemoteWebDriver.findElement(RemoteWebDriver.java:359)
at org.openqa.selenium.remote.RemoteWebDriver.findElement(RemoteWebDriver.java:353)
at org.openqa.selenium.support.pagefactory.DefaultElementLocator.findElement(DefaultElementLocator.java:68)
at org.openqa.selenium.support.pagefactory.internal.LocatingElementHandler.invoke(LocatingElementHandler.java:38)
at jdk.proxy2/jdk.proxy2.$Proxy21.click(Unknown Source)
at smartChainTestCase.Retailer.order_Manufacturer(Retailer.java:34)
at java.base/jdk.internal.reflect.NativeMethodAccessorImpl.invoke0(Native Method)
at java.base/jdk.internal.reflect.NativeMethodAccessorImpl.invoke(NativeMethodAccessorImpl.java:77)
at java.base/jdk.internal.reflect.DelegatingMethodAccessorImpl.invoke(DelegatingMethodAccessorImpl.java:43)
at java.base/java.lang.reflect.Method.invoke(Method.java:568)
at org.testng.internal.MethodInvocationHelper.invokeMethod(MethodInvocationHelper.java:133)
at org.testng.internal.TestInvoker.invokeMethod(TestInvoker.java:598)
at org.testng.internal.TestInvoker.invokeTestMethod(TestInvoker.java:173)
at org.testng.internal.MethodRunner.runInSequence(MethodRunner.java:46)
at org.testng.internal.TestInvoker$MethodInvocationAgent.invoke(TestInvoker.java:824)
at org.testng.internal.TestInvoker.invokeTestMethods(TestInvoker.java:146)
at org.testng.internal.TestMethodWorker.invokeTestMethods(TestMethodWorker.java:146)
at org.testng.internal.TestMethodWorker.run(TestMethodWorker.java:128)
at java.base/java.util.ArrayList.forEach(ArrayList.java:1511)
at org.testng.TestRunner.privateRun(TestRunner.java:794)
at org.testng.TestRunner.run(TestRunner.java:596)
at org.testng.SuiteRunner.runTest(SuiteRunner.java:377)
at org.testng.SuiteRunner.runSequentially(SuiteRunner.java:371)
at org.testng.SuiteRunner.privateRun(SuiteRunner.java:332)
at org.testng.SuiteRunner.run(SuiteRunner.java:276)
at org.testng.SuiteRunnerWorker.runSuite(SuiteRunnerWorker.java:53)
at org.testng.SuiteRunnerWorker.run(SuiteRunnerWorker.java:96)
at org.testng.TestNG.runSuitesSequentially(TestNG.java:1212)
at org.testng.TestNG.runSuitesLocally(TestNG.java:1134)
at org.testng.TestNG.runSuites(TestNG.java:1063)
at org.testng.TestNG.run(TestNG.java:1031)
at org.testng.remote.AbstractRemoteTestNG.run(AbstractRemoteTestNG.java:115)
at org.testng.remote.RemoteTestNG.initAndRun(RemoteTestNG.java:293)
at org.testng.remote.RemoteTestNG.main(RemoteTestNG.java:91)
]]>
            </full-stacktrace>
          </exception> <!-- org.openqa.selenium.NoSuchElementException -->
          <reporter-output>
            <line>
              <![CDATA[order_Manufacturer>=========start==========>]]>
            </line>
            <line>
              <![CDATA[======Login is Successfull=====]]>
            </line>
            <line>
              <![CDATA[order is posted successfully]]>
            </line>
            <line>
              <![CDATA[order_Manufacturer>=========failure==========>]]>
            </line>
          </reporter-output>
        </test-method> <!-- order_Manufacturer -->
        <test-method is-config="true" signature="closeBrowser()[pri:0, instance:smartChainTestCase.Retailer@7d0b7e3c]" started-at="2024-11-26T10:29:47 IST" name="closeBrowser" finished-at="2024-11-26T10:29:47 IST" duration-ms="269" status="PASS">
          <reporter-output>
            <line>
              <![CDATA[=====BROWSER IS CLOSED======]]>
            </line>
          </reporter-output>
        </test-method> <!-- closeBrowser -->
      </class> <!-- smartChainTestCase.Retailer -->
    </test> <!-- Test -->
  </suite> <!-- Suite -->
</testng-results>
