<?xml version="1.0" encoding="UTF-8"?>
<testng-results ignored="1" total="2" passed="1" failed="0" skipped="0">
  <reporter-output>
    <line>
      <![CDATA[====CHROME IS LAUNCHED SUCCESSFULLY====]]>
    </line>
    <line>
      <![CDATA[======Login is Successfull=====]]>
    </line>
    <line>
      <![CDATA[=====BROWSER IS CLOSED======]]>
    </line>
  </reporter-output>
  <suite started-at="2024-11-27T09:37:11 IST" name="Default suite" finished-at="2024-11-27T09:37:23 IST" duration-ms="11814">
    <groups>
      <group name="smoke">
        <method signature="Retailer.retailer_myorders()[pri:0, instance:smartChainTestCase.Retailer@2e385cce]" name="retailer_myorders" class="smartChainTestCase.Retailer"/>
      </group> <!-- smoke -->
    </groups>
    <test started-at="2024-11-27T09:37:11 IST" name="Default test" finished-at="2024-11-27T09:37:23 IST" duration-ms="11814">
      <class name="smartChainTestCase.Retailer">
        <test-method is-config="true" signature="connectToDB()[pri:0, instance:smartChainTestCase.Retailer@2e385cce]" started-at="2024-11-27T09:37:11 IST" name="connectToDB" finished-at="2024-11-27T09:37:11 IST" duration-ms="12" status="PASS">
          <reporter-output>
          </reporter-output>
        </test-method> <!-- connectToDB -->
        <test-method is-config="true" signature="launchBrowser(java.lang.String)[pri:0, instance:smartChainTestCase.Retailer@2e385cce]" started-at="2024-11-27T09:37:11 IST" name="launchBrowser" finished-at="2024-11-27T09:37:15 IST" duration-ms="4149" status="PASS">
          <params>
            <param index="0">
              <value>
                <![CDATA[chrome]]>
              </value>
            </param>
          </params>
          <reporter-output>
            <line>
              <![CDATA[====CHROME IS LAUNCHED SUCCESSFULLY====]]>
            </line>
          </reporter-output>
        </test-method> <!-- launchBrowser -->
        <test-method signature="retailer_myorders()[pri:0, instance:smartChainTestCase.Retailer@2e385cce]" started-at="2024-11-27T09:37:15 IST" name="retailer_myorders" finished-at="2024-11-27T09:37:23 IST" duration-ms="7325" status="PASS">
          <reporter-output>
            <line>
              <![CDATA[======Login is Successfull=====]]>
            </line>
          </reporter-output>
        </test-method> <!-- retailer_myorders -->
        <test-method is-config="true" signature="closeBrowser()[pri:0, instance:smartChainTestCase.Retailer@2e385cce]" started-at="2024-11-27T09:37:23 IST" name="closeBrowser" finished-at="2024-11-27T09:37:23 IST" duration-ms="293" status="PASS">
          <reporter-output>
            <line>
              <![CDATA[=====BROWSER IS CLOSED======]]>
            </line>
          </reporter-output>
        </test-method> <!-- closeBrowser -->
        <test-method is-config="true" signature="closeDB()[pri:0, instance:smartChainTestCase.Retailer@2e385cce]" started-at="2024-11-27T09:37:23 IST" name="closeDB" finished-at="2024-11-27T09:37:23 IST" duration-ms="0" status="PASS">
          <reporter-output>
          </reporter-output>
        </test-method> <!-- closeDB -->
      </class> <!-- smartChainTestCase.Retailer -->
    </test> <!-- Default test -->
  </suite> <!-- Default suite -->
</testng-results>
